[04:54:01] [main/INFO]: Logging in with username & password
[04:54:20] [main/INFO]: Setting user: ArivaAriva
[04:54:38] [main/WARN]: Skipping bad option: lastServer:
[04:54:38] [main/INFO]: LWJGL Version: 2.9.4
[04:54:53] [main/INFO]: Reloading ResourceManager: Default, FMLFileResourcePack:Forge Mod Loader, FMLFileResourcePack:Minecraft Forge, FMLFileResourcePack:ยง6Jetpacks, FMLFileResourcePack:Redstone Flux, FMLFileResourcePack:CodeChicken Lib, FMLFileResourcePack:Just Enough Items, FMLFileResourcePack:Not Enough Items
[04:55:11] [Sound Library Loader/INFO]: Starting up SoundSystem...
[04:55:11] [Thread-5/INFO]: Initializing LWJGL OpenAL
[04:55:11] [Thread-5/INFO]: (The LWJGL binding of OpenAL.  For more information, see http://www.lwjgl.org)
[04:55:11] [Thread-5/INFO]: OpenAL initialized.
[04:55:11] [Sound Library Loader/INFO]: Sound engine started
[04:55:37] [main/INFO]: Created: 512x512 textures-atlas
[04:55:54] [main/WARN]: Skipping bad option: lastServer:
[04:55:54] [main/INFO]: Narrator library for x64 successfully loaded
[04:56:06] [Server thread/INFO]: Starting integrated minecraft server version 1.12
[04:56:06] [Server thread/INFO]: Generating keypair
[04:56:09] [Server thread/INFO]: Loaded 488 advancements
[04:56:09] [Server thread/INFO]: Preparing start region for level 0
[04:56:10] [Server thread/INFO]: Preparing spawn area: 0%
[04:56:11] [Server thread/INFO]: Preparing spawn area: 26%
[04:56:12] [Server thread/INFO]: Changing view distance to 8, from 10
[04:56:16] [Server thread/INFO]: ArivaAriva[local:E:66ee146b] logged in with entity id 94 at (937.2129558567415, 4.0, 111.76505759430535)
[04:56:16] [Server thread/INFO]: ArivaAriva joined the game
[04:56:22] [Server thread/INFO]: Saving and pausing game...
[04:56:23] [Server thread/INFO]: Saving chunks for level 'JP Testing'/overworld
[04:56:23] [Server thread/INFO]: Saving chunks for level 'JP Testing'/the_nether
[04:56:23] [Server thread/INFO]: Saving chunks for level 'JP Testing'/the_end
[04:56:23] [main/INFO]: Loaded 39 advancements
[04:57:10] [main/INFO]: Stopping!
[04:57:10] [Server thread/INFO]: Stopping server
[04:57:10] [Server thread/INFO]: Saving players
[04:57:10] [Server thread/INFO]: Saving worlds
[04:57:10] [Server thread/INFO]: Saving chunks for level 'JP Testing'/overworld
[04:57:10] [Server thread/INFO]: Saving chunks for level 'JP Testing'/the_nether
[04:57:10] [Server thread/INFO]: Saving chunks for level 'JP Testing'/the_end
[04:57:10] [main/INFO]: SoundSystem shutting down...
[04:57:10] [main/WARN]: Author: Paul Lamb, www.paulscode.com
